# JRE version: OpenJDK Runtime Environment Microsoft-13053558 (25.0.2+10) (build 25.0.2+10-LTS)
# Java VM: OpenJDK 64-Bit Server VM Microsoft-13053558 (25.0.2+10-LTS, mixed mode, sharing, tiered, compressed oops, compressed class ptrs, g1 gc, linux-amd64)
GC Precious Log:
 CardTable entry size: 512
 Card Set container configuration: InlinePtr #cards 5 size 8 Array Of Cards #cards 10 size 36 Howl #buckets 4 coarsen threshold 1843 Howl Bitmap #cards 512 size 80 coarsen threshold 460 Card regions per heap region 1 cards per card region 2048
 CPUs: 2 total, 2 available
 Memory: 7943M
 Large Page Support: Disabled
 NUMA Support: Disabled
 Compressed Oops: Enabled (32-bit)
 Heap Region Size: 1M
 Heap Min Capacity: 8M
 Heap Initial Capacity: 126M
 Heap Max Capacity: 1986M
 Pre-touch: Disabled
 Parallel Workers: 2
 Concurrent Workers: 1
 Concurrent Refinement Workers: 2
 Periodic GC: Disabled
 G1 Time-Based Heap Sizing enabled (uncommit-only)
 Evaluation Interval: 60s, Uncommit Delay: 300s, Min Regions To Uncommit: 10
Heap:
 garbage-first heap   total reserved 2033664K, committed 24576K, used 10816K [0x0000000083e00000, 0x0000000100000000)
  region size 1024K, 2 young (2048K), 1 survivors (1024K)
GC Heap Usage History (18 events):
Event: 2.132 {heap Before GC invocations=0 (full 0):
 garbage-first heap   total reserved 2033664K, committed 131072K, used 5251K [0x0000000083e00000, 0x0000000100000000)
  region size 1024K, 5 young (5120K), 0 survivors (0K)
}
Event: 2.147 {heap After GC invocations=1 (full 1):
 garbage-first heap   total reserved 2033664K, committed 10240K, used 1817K [0x0000000083e00000, 0x0000000100000000)
  region size 1024K, 0 young (0K), 0 survivors (0K)
}
Event: 2.431 {heap Before GC invocations=1 (full 1):
 garbage-first heap   total reserved 2033664K, committed 10240K, used 4889K [0x0000000083e00000, 0x0000000100000000)
  region size 1024K, 3 young (3072K), 0 survivors (0K)
}
Event: 2.435 {heap After GC invocations=2 (full 1):
 garbage-first heap   total reserved 2033664K, committed 10240K, used 2457K [0x0000000083e00000, 0x0000000100000000)
  region size 1024K, 1 young (1024K), 1 survivors (1024K)
}
Event: 2.460 {heap Before GC invocations=2 (full 1):
 garbage-first heap   total reserved 2033664K, committed 10240K, used 3481K [0x0000000083e00000, 0x0000000100000000)
  region size 1024K, 3 young (3072K), 1 survivors (1024K)
}
Event: 2.464 {heap After GC invocations=3 (full 1):
 garbage-first heap   total reserved 2033664K, committed 10240K, used 2694K [0x0000000083e00000, 0x0000000100000000)
  region size 1024K, 1 young (1024K), 1 survivors (1024K)
}
Event: 2.473 {heap Before GC invocations=3 (full 1):
 garbage-first heap   total reserved 2033664K, committed 10240K, used 4742K [0x0000000083e00000, 0x0000000100000000)
  region size 1024K, 3 young (3072K), 1 survivors (1024K)
}
Event: 2.477 {heap After GC invocations=4 (full 1):
 garbage-first heap   total reserved 2033664K, committed 10240K, used 2848K [0x0000000083e00000, 0x0000000100000000)
  region size 1024K, 1 young (1024K), 1 survivors (1024K)
}
Event: 2.486 {heap Before GC invocations=4 (full 1):
 garbage-first heap   total reserved 2033664K, committed 10240K, used 5920K [0x0000000083e00000, 0x0000000100000000)
  region size 1024K, 4 young (4096K), 1 survivors (1024K)
}
Event: 2.488 {heap After GC invocations=5 (full 1):
 garbage-first heap   total reserved 2033664K, committed 10240K, used 3130K [0x0000000083e00000, 0x0000000100000000)
  region size 1024K, 1 young (1024K), 1 survivors (1024K)
}
Event: 2.496 {heap Before GC invocations=5 (full 1):
 garbage-first heap   total reserved 2033664K, committed 10240K, used 6202K [0x0000000083e00000, 0x0000000100000000)
  region size 1024K, 4 young (4096K), 1 survivors (1024K)
}
Event: 2.497 {heap After GC invocations=6 (full 1):
 garbage-first heap   total reserved 2033664K, committed 69632K, used 3438K [0x0000000083e00000, 0x0000000100000000)
  region size 1024K, 1 young (1024K), 1 survivors (1024K)
}
Event: 2.759 {heap Before GC invocations=6 (full 1):
 garbage-first heap   total reserved 2033664K, committed 69632K, used 30062K [0x0000000083e00000, 0x0000000100000000)
  region size 1024K, 29 young (29696K), 1 survivors (1024K)
}
Event: 2.776 {heap After GC invocations=7 (full 2):
 garbage-first heap   total reserved 2033664K, committed 24576K, used 5993K [0x0000000083e00000, 0x0000000100000000)
  region size 1024K, 0 young (0K), 0 survivors (0K)
}
Event: 3.510 {heap Before GC invocations=7 (full 2):
 garbage-first heap   total reserved 2033664K, committed 24576K, used 17257K [0x0000000083e00000, 0x0000000100000000)
  region size 1024K, 11 young (11264K), 0 survivors (0K)
}
Event: 3.513 {heap After GC invocations=8 (full 2):
 garbage-first heap   total reserved 2033664K, committed 24576K, used 7998K [0x0000000083e00000, 0x0000000100000000)
  region size 1024K, 2 young (2048K), 2 survivors (2048K)
}
Event: 528.545 {heap Before GC invocations=8 (full 2):
 garbage-first heap   total reserved 2033664K, committed 24576K, used 20286K [0x0000000083e00000, 0x0000000100000000)
  region size 1024K, 12 young (12288K), 2 survivors (2048K)
}
Event: 528.562 {heap After GC invocations=9 (full 2):
 garbage-first heap   total reserved 2033664K, committed 24576K, used 10816K [0x0000000083e00000, 0x0000000100000000)
  region size 1024K, 1 young (1024K), 1 survivors (1024K)
}

