# JRE version: OpenJDK Runtime Environment Microsoft-13053558 (25.0.2+10) (build 25.0.2+10-LTS)
# Java VM: OpenJDK 64-Bit Server VM Microsoft-13053558 (25.0.2+10-LTS, mixed mode, sharing, tiered, compressed oops, compressed class ptrs, g1 gc, linux-amd64)
GC Precious Log:
 CardTable entry size: 512
 Card Set container configuration: InlinePtr #cards 5 size 8 Array Of Cards #cards 10 size 36 Howl #buckets 4 coarsen threshold 1843 Howl Bitmap #cards 512 size 80 coarsen threshold 460 Card regions per heap region 1 cards per card region 2048
 CPUs: 2 total, 2 available
 Memory: 7943M
 Large Page Support: Disabled
 NUMA Support: Disabled
 Compressed Oops: Enabled (32-bit)
 Heap Region Size: 1M
 Heap Min Capacity: 8M
 Heap Initial Capacity: 126M
 Heap Max Capacity: 1986M
 Pre-touch: Disabled
 Parallel Workers: 2
 Concurrent Workers: 1
 Concurrent Refinement Workers: 2
 Periodic GC: Disabled
 G1 Time-Based Heap Sizing enabled (uncommit-only)
 Evaluation Interval: 60s, Uncommit Delay: 300s, Min Regions To Uncommit: 10
Heap:
 garbage-first heap   total reserved 2033664K, committed 20480K, used 11733K [0x0000000083e00000, 0x0000000100000000)
  region size 1024K, 3 young (3072K), 1 survivors (1024K)
GC Heap Usage History (18 events):
Event: 0.208 {heap Before GC invocations=0 (full 0):
 garbage-first heap   total reserved 2033664K, committed 131072K, used 5251K [0x0000000083e00000, 0x0000000100000000)
  region size 1024K, 5 young (5120K), 0 survivors (0K)
}
Event: 0.215 {heap After GC invocations=1 (full 1):
 garbage-first heap   total reserved 2033664K, committed 10240K, used 1817K [0x0000000083e00000, 0x0000000100000000)
  region size 1024K, 0 young (0K), 0 survivors (0K)
}
Event: 0.479 {heap Before GC invocations=1 (full 1):
 garbage-first heap   total reserved 2033664K, committed 10240K, used 4889K [0x0000000083e00000, 0x0000000100000000)
  region size 1024K, 3 young (3072K), 0 survivors (0K)
}
Event: 0.482 {heap After GC invocations=2 (full 1):
 garbage-first heap   total reserved 2033664K, committed 10240K, used 2447K [0x0000000083e00000, 0x0000000100000000)
  region size 1024K, 1 young (1024K), 1 survivors (1024K)
}
Event: 0.529 {heap Before GC invocations=2 (full 1):
 garbage-first heap   total reserved 2033664K, committed 10240K, used 4495K [0x0000000083e00000, 0x0000000100000000)
  region size 1024K, 3 young (3072K), 1 survivors (1024K)
}
Event: 0.531 {heap After GC invocations=3 (full 1):
 garbage-first heap   total reserved 2033664K, committed 10240K, used 2630K [0x0000000083e00000, 0x0000000100000000)
  region size 1024K, 1 young (1024K), 1 survivors (1024K)
}
Event: 0.539 {heap Before GC invocations=3 (full 1):
 garbage-first heap   total reserved 2033664K, committed 10240K, used 4678K [0x0000000083e00000, 0x0000000100000000)
  region size 1024K, 3 young (3072K), 1 survivors (1024K)
}
Event: 0.540 {heap After GC invocations=4 (full 1):
 garbage-first heap   total reserved 2033664K, committed 10240K, used 2784K [0x0000000083e00000, 0x0000000100000000)
  region size 1024K, 1 young (1024K), 1 survivors (1024K)
}
Event: 0.555 {heap Before GC invocations=4 (full 1):
 garbage-first heap   total reserved 2033664K, committed 10240K, used 5856K [0x0000000083e00000, 0x0000000100000000)
  region size 1024K, 4 young (4096K), 1 survivors (1024K)
}
Event: 0.557 {heap After GC invocations=5 (full 1):
 garbage-first heap   total reserved 2033664K, committed 69632K, used 3081K [0x0000000083e00000, 0x0000000100000000)
  region size 1024K, 1 young (1024K), 1 survivors (1024K)
}
Event: 0.828 {heap Before GC invocations=5 (full 1):
 garbage-first heap   total reserved 2033664K, committed 69632K, used 33801K [0x0000000083e00000, 0x0000000100000000)
  region size 1024K, 32 young (32768K), 1 survivors (1024K)
}
Event: 0.880 {heap After GC invocations=6 (full 2):
 garbage-first heap   total reserved 2033664K, committed 20480K, used 5993K [0x0000000083e00000, 0x0000000100000000)
  region size 1024K, 0 young (0K), 0 survivors (0K)
}
Event: 1.152 {heap Before GC invocations=6 (full 2):
 garbage-first heap   total reserved 2033664K, committed 20480K, used 15209K [0x0000000083e00000, 0x0000000100000000)
  region size 1024K, 9 young (9216K), 0 survivors (0K)
}
Event: 1.155 {heap After GC invocations=7 (full 2):
 garbage-first heap   total reserved 2033664K, committed 20480K, used 7471K [0x0000000083e00000, 0x0000000100000000)
  region size 1024K, 2 young (2048K), 2 survivors (2048K)
}
Event: 1.573 {heap Before GC invocations=7 (full 2):
 garbage-first heap   total reserved 2033664K, committed 20480K, used 14639K [0x0000000083e00000, 0x0000000100000000)
  region size 1024K, 10 young (10240K), 2 survivors (2048K)
}
Event: 1.579 {heap After GC invocations=8 (full 2):
 garbage-first heap   total reserved 2033664K, committed 20480K, used 8312K [0x0000000083e00000, 0x0000000100000000)
  region size 1024K, 1 young (1024K), 1 survivors (1024K)
}
Event: 1.656 {heap Before GC invocations=8 (full 2):
 garbage-first heap   total reserved 2033664K, committed 20480K, used 10360K [0x0000000083e00000, 0x0000000100000000)
  region size 1024K, 4 young (4096K), 1 survivors (1024K)
}
Event: 1.658 {heap After GC invocations=9 (full 2):
 garbage-first heap   total reserved 2033664K, committed 20480K, used 8661K [0x0000000083e00000, 0x0000000100000000)
  region size 1024K, 1 young (1024K), 1 survivors (1024K)
}

